Analysis & Synthesis report for labpractice
Mon Apr 26 12:14:37 2021
Quartus Prime Version 20.1.1 Build 720 11/11/2020 SJ Lite Edition


---------------------
; Table of Contents ;
---------------------
  1. Legal Notice
  2. Analysis & Synthesis Summary
  3. Analysis & Synthesis Settings
  4. Parallel Compilation
  5. Analysis & Synthesis Source Files Read
  6. Analysis & Synthesis Resource Usage Summary
  7. Analysis & Synthesis Resource Utilization by Entity
  8. State Machine - |addsub754_JJ|currentState
  9. Registers Removed During Synthesis
 10. Removed Registers Triggering Further Register Optimizations
 11. General Register Statistics
 12. Multiplexer Restructuring Statistics (Restructuring Performed)
 13. Post-Synthesis Netlist Statistics for Top Partition
 14. Elapsed Time Per Partition
 15. Analysis & Synthesis Messages
 16. Analysis & Synthesis Suppressed Messages



----------------
; Legal Notice ;
----------------
Copyright (C) 2020  Intel Corporation. All rights reserved.
Your use of Intel Corporation's design tools, logic functions 
and other software and tools, and any partner logic 
functions, and any output files from any of the foregoing 
(including device programming or simulation files), and any 
associated documentation or information are expressly subject 
to the terms and conditions of the Intel Program License 
Subscription Agreement, the Intel Quartus Prime License Agreement,
the Intel FPGA IP License Agreement, or other applicable license
agreement, including, without limitation, that your use is for
the sole purpose of programming logic devices manufactured by
Intel and sold by Intel or its authorized distributors.  Please
refer to the applicable agreement for further details, at
https://fpgasoftware.intel.com/eula.



+----------------------------------------------------------------------------------+
; Analysis & Synthesis Summary                                                     ;
+------------------------------------+---------------------------------------------+
; Analysis & Synthesis Status        ; Successful - Mon Apr 26 12:14:37 2021       ;
; Quartus Prime Version              ; 20.1.1 Build 720 11/11/2020 SJ Lite Edition ;
; Revision Name                      ; labpractice                                 ;
; Top-level Entity Name              ; addsub754_JJ                                ;
; Family                             ; Cyclone 10 LP                               ;
; Total logic elements               ; 986                                         ;
;     Total combinational functions  ; 983                                         ;
;     Dedicated logic registers      ; 186                                         ;
; Total registers                    ; 186                                         ;
; Total pins                         ; 101                                         ;
; Total virtual pins                 ; 0                                           ;
; Total memory bits                  ; 0                                           ;
; Embedded Multiplier 9-bit elements ; 0                                           ;
; Total PLLs                         ; 0                                           ;
+------------------------------------+---------------------------------------------+


+------------------------------------------------------------------------------------------------------------+
; Analysis & Synthesis Settings                                                                              ;
+------------------------------------------------------------------+--------------------+--------------------+
; Option                                                           ; Setting            ; Default Value      ;
+------------------------------------------------------------------+--------------------+--------------------+
; Device                                                           ; 10CL006YU256A7G    ;                    ;
; Top-level entity name                                            ; addsub754_JJ       ; labpractice        ;
; Family name                                                      ; Cyclone 10 LP      ; Cyclone V          ;
; Use smart compilation                                            ; Off                ; Off                ;
; Enable parallel Assembler and Timing Analyzer during compilation ; On                 ; On                 ;
; Enable compact report table                                      ; Off                ; Off                ;
; Restructure Multiplexers                                         ; Auto               ; Auto               ;
; Create Debugging Nodes for IP Cores                              ; Off                ; Off                ;
; Preserve fewer node names                                        ; On                 ; On                 ;
; Intel FPGA IP Evaluation Mode                                    ; Enable             ; Enable             ;
; Verilog Version                                                  ; Verilog_2001       ; Verilog_2001       ;
; VHDL Version                                                     ; VHDL_1993          ; VHDL_1993          ;
; State Machine Processing                                         ; Auto               ; Auto               ;
; Safe State Machine                                               ; Off                ; Off                ;
; Extract Verilog State Machines                                   ; On                 ; On                 ;
; Extract VHDL State Machines                                      ; On                 ; On                 ;
; Ignore Verilog initial constructs                                ; Off                ; Off                ;
; Iteration limit for constant Verilog loops                       ; 5000               ; 5000               ;
; Iteration limit for non-constant Verilog loops                   ; 250                ; 250                ;
; Add Pass-Through Logic to Inferred RAMs                          ; On                 ; On                 ;
; Infer RAMs from Raw Logic                                        ; On                 ; On                 ;
; Parallel Synthesis                                               ; On                 ; On                 ;
; DSP Block Balancing                                              ; Auto               ; Auto               ;
; NOT Gate Push-Back                                               ; On                 ; On                 ;
; Power-Up Don't Care                                              ; On                 ; On                 ;
; Remove Redundant Logic Cells                                     ; Off                ; Off                ;
; Remove Duplicate Registers                                       ; On                 ; On                 ;
; Ignore CARRY Buffers                                             ; Off                ; Off                ;
; Ignore CASCADE Buffers                                           ; Off                ; Off                ;
; Ignore GLOBAL Buffers                                            ; Off                ; Off                ;
; Ignore ROW GLOBAL Buffers                                        ; Off                ; Off                ;
; Ignore LCELL Buffers                                             ; Off                ; Off                ;
; Ignore SOFT Buffers                                              ; On                 ; On                 ;
; Limit AHDL Integers to 32 Bits                                   ; Off                ; Off                ;
; Optimization Technique                                           ; Balanced           ; Balanced           ;
; Carry Chain Length                                               ; 70                 ; 70                 ;
; Auto Carry Chains                                                ; On                 ; On                 ;
; Auto Open-Drain Pins                                             ; On                 ; On                 ;
; Perform WYSIWYG Primitive Resynthesis                            ; Off                ; Off                ;
; Auto ROM Replacement                                             ; On                 ; On                 ;
; Auto RAM Replacement                                             ; On                 ; On                 ;
; Auto DSP Block Replacement                                       ; On                 ; On                 ;
; Auto Shift Register Replacement                                  ; Auto               ; Auto               ;
; Allow Shift Register Merging across Hierarchies                  ; Auto               ; Auto               ;
; Auto Clock Enable Replacement                                    ; On                 ; On                 ;
; Strict RAM Replacement                                           ; Off                ; Off                ;
; Allow Synchronous Control Signals                                ; On                 ; On                 ;
; Force Use of Synchronous Clear Signals                           ; Off                ; Off                ;
; Auto RAM Block Balancing                                         ; On                 ; On                 ;
; Auto RAM to Logic Cell Conversion                                ; Off                ; Off                ;
; Auto Resource Sharing                                            ; Off                ; Off                ;
; Allow Any RAM Size For Recognition                               ; Off                ; Off                ;
; Allow Any ROM Size For Recognition                               ; Off                ; Off                ;
; Allow Any Shift Register Size For Recognition                    ; Off                ; Off                ;
; Use LogicLock Constraints during Resource Balancing              ; On                 ; On                 ;
; Ignore translate_off and synthesis_off directives                ; Off                ; Off                ;
; Timing-Driven Synthesis                                          ; On                 ; On                 ;
; Report Parameter Settings                                        ; On                 ; On                 ;
; Report Source Assignments                                        ; On                 ; On                 ;
; Report Connectivity Checks                                       ; On                 ; On                 ;
; Ignore Maximum Fan-Out Assignments                               ; Off                ; Off                ;
; Synchronization Register Chain Length                            ; 2                  ; 2                  ;
; Power Optimization During Synthesis                              ; Normal compilation ; Normal compilation ;
; HDL message level                                                ; Level2             ; Level2             ;
; Suppress Register Optimization Related Messages                  ; Off                ; Off                ;
; Number of Removed Registers Reported in Synthesis Report         ; 5000               ; 5000               ;
; Number of Swept Nodes Reported in Synthesis Report               ; 5000               ; 5000               ;
; Number of Inverted Registers Reported in Synthesis Report        ; 100                ; 100                ;
; Clock MUX Protection                                             ; On                 ; On                 ;
; Auto Gated Clock Conversion                                      ; Off                ; Off                ;
; Block Design Naming                                              ; Auto               ; Auto               ;
; SDC constraint protection                                        ; Off                ; Off                ;
; Synthesis Effort                                                 ; Auto               ; Auto               ;
; Shift Register Replacement - Allow Asynchronous Clear Signal     ; On                 ; On                 ;
; Pre-Mapping Resynthesis Optimization                             ; Off                ; Off                ;
; Analysis & Synthesis Message Level                               ; Medium             ; Medium             ;
; Disable Register Merging Across Hierarchies                      ; Auto               ; Auto               ;
; Resource Aware Inference For Block RAM                           ; On                 ; On                 ;
+------------------------------------------------------------------+--------------------+--------------------+


+------------------------------------------+
; Parallel Compilation                     ;
+----------------------------+-------------+
; Processors                 ; Number      ;
+----------------------------+-------------+
; Number detected on machine ; 8           ;
; Maximum allowed            ; 4           ;
;                            ;             ;
; Average used               ; 1.01        ;
; Maximum used               ; 4           ;
;                            ;             ;
; Usage by Processor         ; % Time Used ;
;     Processor 1            ; 100.0%      ;
;     Processor 2            ;   0.2%      ;
;     Processor 3            ;   0.2%      ;
;     Processor 4            ;   0.2%      ;
+----------------------------+-------------+


+-----------------------------------------------------------------------------------------------------------------------------------------------------------------+
; Analysis & Synthesis Source Files Read                                                                                                                          ;
+----------------------------------+-----------------+------------------------------+-------------------------------------------------------------------+---------+
; File Name with User-Entered Path ; Used in Netlist ; File Type                    ; File Name with Absolute Path                                      ; Library ;
+----------------------------------+-----------------+------------------------------+-------------------------------------------------------------------+---------+
; addsub754_JJ.sv                  ; yes             ; User SystemVerilog HDL File  ; D:/Udea/Semestre6/Digitales 2/practica2/practica2/addsub754_JJ.sv ;         ;
+----------------------------------+-----------------+------------------------------+-------------------------------------------------------------------+---------+


+---------------------------------------------------------+
; Analysis & Synthesis Resource Usage Summary             ;
+---------------------------------------------+-----------+
; Resource                                    ; Usage     ;
+---------------------------------------------+-----------+
; Estimated Total logic elements              ; 986       ;
;                                             ;           ;
; Total combinational functions               ; 983       ;
; Logic element usage by number of LUT inputs ;           ;
;     -- 4 input functions                    ; 485       ;
;     -- 3 input functions                    ; 349       ;
;     -- <=2 input functions                  ; 149       ;
;                                             ;           ;
; Logic elements by mode                      ;           ;
;     -- normal mode                          ; 844       ;
;     -- arithmetic mode                      ; 139       ;
;                                             ;           ;
; Total registers                             ; 186       ;
;     -- Dedicated logic registers            ; 186       ;
;     -- I/O registers                        ; 0         ;
;                                             ;           ;
; I/O pins                                    ; 101       ;
;                                             ;           ;
; Embedded Multiplier 9-bit elements          ; 0         ;
;                                             ;           ;
; Maximum fan-out node                        ; clk~input ;
; Maximum fan-out                             ; 186       ;
; Total fan-out                               ; 4063      ;
; Average fan-out                             ; 2.96      ;
+---------------------------------------------+-----------+


+-----------------------------------------------------------------------------------------------------------------------------------------------------------------------------------------------------------+
; Analysis & Synthesis Resource Utilization by Entity                                                                                                                                                       ;
+----------------------------+---------------------+---------------------------+-------------+--------------+---------+-----------+------+--------------+---------------------+--------------+--------------+
; Compilation Hierarchy Node ; Combinational ALUTs ; Dedicated Logic Registers ; Memory Bits ; DSP Elements ; DSP 9x9 ; DSP 18x18 ; Pins ; Virtual Pins ; Full Hierarchy Name ; Entity Name  ; Library Name ;
+----------------------------+---------------------+---------------------------+-------------+--------------+---------+-----------+------+--------------+---------------------+--------------+--------------+
; |addsub754_JJ              ; 983 (983)           ; 186 (186)                 ; 0           ; 0            ; 0       ; 0         ; 101  ; 0            ; |addsub754_JJ       ; addsub754_JJ ; work         ;
+----------------------------+---------------------+---------------------------+-------------+--------------+---------+-----------+------+--------------+---------------------+--------------+--------------+
Note: For table entries with two numbers listed, the numbers in parentheses indicate the number of resources of the given type used by the specific entity alone. The numbers listed outside of parentheses indicate the total resources of the given type used by the specific entity and all of its sub-entities in the hierarchy.


Encoding Type:  One-Hot
+-------------------------------------------------------------------------------------------------------------------------------------------------+
; State Machine - |addsub754_JJ|currentState                                                                                                      ;
+------------------+-----------------+-----------------+-----------------+-----------------+-----------------+-----------------+------------------+
; Name             ; currentState.S0 ; currentState.S6 ; currentState.S4 ; currentState.S3 ; currentState.S2 ; currentState.S1 ; currentState.S11 ;
+------------------+-----------------+-----------------+-----------------+-----------------+-----------------+-----------------+------------------+
; currentState.S11 ; 0               ; 0               ; 0               ; 0               ; 0               ; 0               ; 0                ;
; currentState.S1  ; 0               ; 0               ; 0               ; 0               ; 0               ; 1               ; 1                ;
; currentState.S2  ; 0               ; 0               ; 0               ; 0               ; 1               ; 0               ; 1                ;
; currentState.S3  ; 0               ; 0               ; 0               ; 1               ; 0               ; 0               ; 1                ;
; currentState.S4  ; 0               ; 0               ; 1               ; 0               ; 0               ; 0               ; 1                ;
; currentState.S6  ; 0               ; 1               ; 0               ; 0               ; 0               ; 0               ; 1                ;
; currentState.S0  ; 1               ; 0               ; 0               ; 0               ; 0               ; 0               ; 1                ;
+------------------+-----------------+-----------------+-----------------+-----------------+-----------------+-----------------+------------------+


+---------------------------------------------------------------------------------+
; Registers Removed During Synthesis                                              ;
+----------------------------------------+----------------------------------------+
; Register name                          ; Reason for Removal                     ;
+----------------------------------------+----------------------------------------+
; rA[22]                                 ; Merged with mantA[22]                  ;
; rA[21]                                 ; Merged with mantA[21]                  ;
; rA[20]                                 ; Merged with mantA[20]                  ;
; rA[19]                                 ; Merged with mantA[19]                  ;
; rA[18]                                 ; Merged with mantA[18]                  ;
; rA[17]                                 ; Merged with mantA[17]                  ;
; rA[16]                                 ; Merged with mantA[16]                  ;
; rA[15]                                 ; Merged with mantA[15]                  ;
; rA[14]                                 ; Merged with mantA[14]                  ;
; rA[13]                                 ; Merged with mantA[13]                  ;
; rA[12]                                 ; Merged with mantA[12]                  ;
; rA[11]                                 ; Merged with mantA[11]                  ;
; rA[10]                                 ; Merged with mantA[10]                  ;
; rA[9]                                  ; Merged with mantA[9]                   ;
; rA[8]                                  ; Merged with mantA[8]                   ;
; rA[7]                                  ; Merged with mantA[7]                   ;
; rA[6]                                  ; Merged with mantA[6]                   ;
; rA[5]                                  ; Merged with mantA[5]                   ;
; rA[4]                                  ; Merged with mantA[4]                   ;
; rA[3]                                  ; Merged with mantA[3]                   ;
; rA[2]                                  ; Merged with mantA[2]                   ;
; rA[1]                                  ; Merged with mantA[1]                   ;
; rA[0]                                  ; Merged with mantA[0]                   ;
; rB[22]                                 ; Merged with mantB[22]                  ;
; rB[21]                                 ; Merged with mantB[21]                  ;
; rB[20]                                 ; Merged with mantB[20]                  ;
; rB[19]                                 ; Merged with mantB[19]                  ;
; rB[18]                                 ; Merged with mantB[18]                  ;
; rB[17]                                 ; Merged with mantB[17]                  ;
; rB[16]                                 ; Merged with mantB[16]                  ;
; rB[15]                                 ; Merged with mantB[15]                  ;
; rB[14]                                 ; Merged with mantB[14]                  ;
; rB[13]                                 ; Merged with mantB[13]                  ;
; rB[12]                                 ; Merged with mantB[12]                  ;
; rB[11]                                 ; Merged with mantB[11]                  ;
; rB[10]                                 ; Merged with mantB[10]                  ;
; rB[9]                                  ; Merged with mantB[9]                   ;
; rB[8]                                  ; Merged with mantB[8]                   ;
; rB[7]                                  ; Merged with mantB[7]                   ;
; rB[6]                                  ; Merged with mantB[6]                   ;
; rB[5]                                  ; Merged with mantB[5]                   ;
; rB[4]                                  ; Merged with mantB[4]                   ;
; rB[3]                                  ; Merged with mantB[3]                   ;
; rB[2]                                  ; Merged with mantB[2]                   ;
; rB[1]                                  ; Merged with mantB[1]                   ;
; rB[0]                                  ; Merged with mantB[0]                   ;
; OUT[6,7]                               ; Merged with OUT[5]                     ;
; mantB[23]                              ; Merged with mantA[23]                  ;
; j[0..2]                                ; Stuck at GND due to stuck port data_in ;
; OUT[5]                                 ; Stuck at GND due to stuck port data_in ;
; currentState~4                         ; Lost fanout                            ;
; currentState~5                         ; Lost fanout                            ;
; currentState~6                         ; Lost fanout                            ;
; j[5..31]                               ; Lost fanout                            ;
; Total Number of Removed Registers = 83 ;                                        ;
+----------------------------------------+----------------------------------------+


+------------------------------------------------------------------------------------+
; Removed Registers Triggering Further Register Optimizations                        ;
+---------------+---------------------------+----------------------------------------+
; Register name ; Reason for Removal        ; Registers Removed due to This Register ;
+---------------+---------------------------+----------------------------------------+
; j[1]          ; Stuck at GND              ; j[6]                                   ;
;               ; due to stuck port data_in ;                                        ;
+---------------+---------------------------+----------------------------------------+


+------------------------------------------------------+
; General Register Statistics                          ;
+----------------------------------------------+-------+
; Statistic                                    ; Value ;
+----------------------------------------------+-------+
; Total registers                              ; 186   ;
; Number of registers using Synchronous Clear  ; 35    ;
; Number of registers using Synchronous Load   ; 36    ;
; Number of registers using Asynchronous Clear ; 7     ;
; Number of registers using Asynchronous Load  ; 0     ;
; Number of registers using Clock Enable       ; 169   ;
; Number of registers using Preset             ; 0     ;
+----------------------------------------------+-------+


+------------------------------------------------------------------------------------------------------------------------------------------+
; Multiplexer Restructuring Statistics (Restructuring Performed)                                                                           ;
+--------------------+-----------+---------------+----------------------+------------------------+------------+----------------------------+
; Multiplexer Inputs ; Bus Width ; Baseline Area ; Area if Restructured ; Saving if Restructured ; Registered ; Example Multiplexer Output ;
+--------------------+-----------+---------------+----------------------+------------------------+------------+----------------------------+
; 5:1                ; 8 bits    ; 24 LEs        ; 16 LEs               ; 8 LEs                  ; Yes        ; |addsub754_JJ|expB[2]      ;
; 5:1                ; 8 bits    ; 24 LEs        ; 16 LEs               ; 8 LEs                  ; Yes        ; |addsub754_JJ|expA[0]      ;
; 10:1               ; 7 bits    ; 42 LEs        ; 14 LEs               ; 28 LEs                 ; Yes        ; |addsub754_JJ|aux[16]      ;
; 11:1               ; 8 bits    ; 56 LEs        ; 24 LEs               ; 32 LEs                 ; Yes        ; |addsub754_JJ|aux[15]      ;
; 11:1               ; 9 bits    ; 63 LEs        ; 27 LEs               ; 36 LEs                 ; Yes        ; |addsub754_JJ|result[1]    ;
; 12:1               ; 4 bits    ; 32 LEs        ; 16 LEs               ; 16 LEs                 ; Yes        ; |addsub754_JJ|aux[7]       ;
; 12:1               ; 7 bits    ; 56 LEs        ; 28 LEs               ; 28 LEs                 ; Yes        ; |addsub754_JJ|result[14]   ;
; 13:1               ; 2 bits    ; 16 LEs        ; 10 LEs               ; 6 LEs                  ; Yes        ; |addsub754_JJ|aux[2]       ;
; 13:1               ; 4 bits    ; 32 LEs        ; 20 LEs               ; 12 LEs                 ; Yes        ; |addsub754_JJ|result[17]   ;
; 14:1               ; 2 bits    ; 18 LEs        ; 12 LEs               ; 6 LEs                  ; Yes        ; |addsub754_JJ|result[21]   ;
; 14:1               ; 2 bits    ; 18 LEs        ; 10 LEs               ; 8 LEs                  ; Yes        ; |addsub754_JJ|aux[0]       ;
; 13:1               ; 23 bits   ; 184 LEs       ; 92 LEs               ; 92 LEs                 ; Yes        ; |addsub754_JJ|R[13]~reg0   ;
; 13:1               ; 8 bits    ; 64 LEs        ; 40 LEs               ; 24 LEs                 ; Yes        ; |addsub754_JJ|R[23]~reg0   ;
; 15:1               ; 2 bits    ; 20 LEs        ; 12 LEs               ; 8 LEs                  ; Yes        ; |addsub754_JJ|result[23]   ;
; 3:1                ; 7 bits    ; 14 LEs        ; 14 LEs               ; 0 LEs                  ; No         ; |addsub754_JJ|Mux7         ;
; 3:1                ; 7 bits    ; 14 LEs        ; 14 LEs               ; 0 LEs                  ; No         ; |addsub754_JJ|Mux12        ;
; 3:1                ; 7 bits    ; 14 LEs        ; 14 LEs               ; 0 LEs                  ; No         ; |addsub754_JJ|Mux23        ;
; 4:1                ; 8 bits    ; 16 LEs        ; 16 LEs               ; 0 LEs                  ; No         ; |addsub754_JJ|diferencia   ;
; 5:1                ; 24 bits   ; 72 LEs        ; 48 LEs               ; 24 LEs                 ; No         ; |addsub754_JJ|Add4         ;
; 8:1                ; 23 bits   ; 115 LEs       ; 46 LEs               ; 69 LEs                 ; No         ; |addsub754_JJ|Add4         ;
; 25:1               ; 6 bits    ; 96 LEs        ; 96 LEs               ; 0 LEs                  ; No         ; |addsub754_JJ|OUT          ;
+--------------------+-----------+---------------+----------------------+------------------------+------------+----------------------------+


+-----------------------------------------------------+
; Post-Synthesis Netlist Statistics for Top Partition ;
+-----------------------+-----------------------------+
; Type                  ; Count                       ;
+-----------------------+-----------------------------+
; boundary_port         ; 101                         ;
; cycloneiii_ff         ; 186                         ;
;     CLR               ; 7                           ;
;     ENA               ; 133                         ;
;     ENA SCLR SLD      ; 35                          ;
;     ENA SLD           ; 1                           ;
;     plain             ; 10                          ;
; cycloneiii_lcell_comb ; 983                         ;
;     arith             ; 139                         ;
;         1 data inputs ; 2                           ;
;         2 data inputs ; 11                          ;
;         3 data inputs ; 126                         ;
;     normal            ; 844                         ;
;         0 data inputs ; 2                           ;
;         1 data inputs ; 5                           ;
;         2 data inputs ; 129                         ;
;         3 data inputs ; 223                         ;
;         4 data inputs ; 485                         ;
;                       ;                             ;
; Max LUT depth         ; 16.10                       ;
; Average LUT depth     ; 8.47                        ;
+-----------------------+-----------------------------+


+-------------------------------+
; Elapsed Time Per Partition    ;
+----------------+--------------+
; Partition Name ; Elapsed Time ;
+----------------+--------------+
; Top            ; 00:00:02     ;
+----------------+--------------+


+-------------------------------+
; Analysis & Synthesis Messages ;
+-------------------------------+
Info: *******************************************************************
Info: Running Quartus Prime Analysis & Synthesis
    Info: Version 20.1.1 Build 720 11/11/2020 SJ Lite Edition
    Info: Processing started: Mon Apr 26 12:14:27 2021
Info: Command: quartus_map --read_settings_files=on --write_settings_files=off labpractice -c labpractice
Warning (18236): Number of processors has not been specified which may cause overloading on shared machines.  Set the global assignment NUM_PARALLEL_PROCESSORS in your QSF to an appropriate value for best performance.
Info (20030): Parallel compilation is enabled and will use 4 of the 4 processors detected
Info (12021): Found 2 design units, including 2 entities, in source file addsub754_jj.sv
    Info (12023): Found entity 1: addsub754_JJ File: D:/Udea/Semestre6/Digitales 2/practica2/practica2/addsub754_JJ.sv Line: 1
    Info (12023): Found entity 2: test_bench File: D:/Udea/Semestre6/Digitales 2/practica2/practica2/addsub754_JJ.sv Line: 460
Info (12127): Elaborating entity "addsub754_JJ" for the top level hierarchy
Info (286030): Timing-Driven Synthesis is running
Info (17049): 30 registers lost all their fanouts during netlist optimizations.
Info (16010): Generating hard_block partition "hard_block:auto_generated_inst"
    Info (16011): Adding 0 node(s), including 0 DDIO, 0 PLL, 0 transceiver and 0 LCELL
Info (21057): Implemented 1090 device resources after synthesis - the final resource count might be different
    Info (21058): Implemented 68 input pins
    Info (21059): Implemented 33 output pins
    Info (21061): Implemented 989 logic cells
Info (144001): Generated suppressed messages file D:/Udea/Semestre6/Digitales 2/practica2/practica2/output_files/labpractice.map.smsg
Info: Quartus Prime Analysis & Synthesis was successful. 0 errors, 1 warning
    Info: Peak virtual memory: 4753 megabytes
    Info: Processing ended: Mon Apr 26 12:14:37 2021
    Info: Elapsed time: 00:00:10
    Info: Total CPU time (on all processors): 00:00:22


+------------------------------------------+
; Analysis & Synthesis Suppressed Messages ;
+------------------------------------------+
The suppressed messages can be found in D:/Udea/Semestre6/Digitales 2/practica2/practica2/output_files/labpractice.map.smsg.


